<?xml version="1.0" encoding="UTF-8"?>
<!-- Generated by org.testng.reporters.JUnitXMLReporter -->
<testsuite hostname="brickwin-Compaq-Presario-CQ40-Notebook-PC" ignored="0" name="Test" tests="4" failures="0" timestamp="2019-11-28T22:33:14 IST" time="46.325" errors="0">
  <testcase name="writeDataPropFile" time="0.092" classname="org.project.com.WriteDatapropFile"/>
  <testcase name="SignUp" time="2.677" classname="org.project.com.FacebookTest"/>
  <testcase name="testCase01" time="28.416" classname="org.project.com.TC01"/>
  <testcase name="readData" time="0.128" classname="org.project.com.ReadDataPropFile"/>
</testsuite> <!-- Test -->
