<?xml version="1.0" encoding="UTF-8"?>
<testng-results skipped="0" failed="0" ignored="0" total="1" passed="1">
  <reporter-output>
  </reporter-output>
  <suite name="Default suite" duration-ms="6507" started-at="2020-01-16T17:58:07 IST" finished-at="2020-01-16T17:58:13 IST">
    <groups>
    </groups>
    <test name="Default test" duration-ms="6507" started-at="2020-01-16T17:58:07 IST" finished-at="2020-01-16T17:58:13 IST">
      <class name="org.mypackage.com.CookieData">
        <test-method status="PASS" signature="OpenBrowser()[pri:0, instance:org.mypackage.com.CookieData@369f73a2]" name="OpenBrowser" is-config="true" duration-ms="3971" started-at="2020-01-16T17:58:07 IST" finished-at="2020-01-16T17:58:11 IST">
          <reporter-output>
          </reporter-output>
        </test-method> <!-- OpenBrowser -->
        <test-method status="PASS" signature="Data()[pri:0, instance:org.mypackage.com.CookieData@369f73a2]" name="Data" duration-ms="2470" started-at="2020-01-16T17:58:11 IST" finished-at="2020-01-16T17:58:13 IST">
          <reporter-output>
          </reporter-output>
        </test-method> <!-- Data -->
        <test-method status="PASS" signature="quitBrowser()[pri:0, instance:org.mypackage.com.CookieData@369f73a2]" name="quitBrowser" is-config="true" duration-ms="1" started-at="2020-01-16T17:58:13 IST" finished-at="2020-01-16T17:58:13 IST">
          <reporter-output>
          </reporter-output>
        </test-method> <!-- quitBrowser -->
      </class> <!-- org.mypackage.com.CookieData -->
    </test> <!-- Default test -->
  </suite> <!-- Default suite -->
</testng-results>
